2025-11-13 12:22:31,595 - INFO - Starting API job scraper
2025-11-13 12:22:31,596 - INFO - Loaded 853 master facilities
2025-11-13 12:22:31,596 - INFO - Fetching jobs from API...
2025-11-13 12:22:34,513 - INFO - Total jobs found: 500
2025-11-13 12:22:34,584 - INFO - New job: Food Service Worker Lead - The Harris Center for Mental Health and IDD - 617596 [UNVERIFIED: The Harris Center for Mental Health and IDD]
2025-11-13 12:22:34,616 - INFO - New job: Commissary Worker - Alameda County Commissary - 617599 [UNVERIFIED: Alameda County Commissary]
2025-11-13 12:22:34,617 - INFO - New job: Food Service Manager - 617602 [No facility found]
2025-11-13 12:22:34,617 - INFO - New job: Food Service Manager - 617136 [No facility found]
2025-11-13 12:22:34,617 - INFO - New job: Corrections Oversight Worker - 617139 [No facility found]
2025-11-13 12:22:34,617 - INFO - New job: Food Service Manager - 617698 [No facility found]
2025-11-13 12:22:34,617 - INFO - New job: Driver I - 617702 [No facility found]
2025-11-13 12:22:34,644 - INFO - New job: Corrections Oversight Worker - Oakland County Jail - 617728 [UNVERIFIED: Oakland County Jail]
2025-11-13 12:22:34,671 - INFO - New job: Lead Cook - Williamson County (TX) - 617731 [UNVERIFIED: Williamson County (TX)]
2025-11-13 12:22:34,700 - INFO - New job: Commissary Worker - USG - USCS - KENTUCKY - 617744 [UNVERIFIED: USG - USCS - KENTUCKY]
2025-11-13 12:22:34,721 - INFO - New job: Food Service Worker - WORTH Center - 617228 [UNVERIFIED: WORTH Center]
2025-11-13 12:22:34,749 - INFO - New job: Corrections Oversight Worker - WV Mount Olive DOC - 617750 [UNVERIFIED: WV Mount Olive DOC]
2025-11-13 12:22:34,787 - INFO - New job: Food Service Worker Lead - Fayette County Community Corrections - 617230 [VERIFIED: Lawton Community Corrections Center]
2025-11-13 12:22:34,819 - INFO - New job: Food Service Worker Lead - Marion Correctional Institution - 617767 [VERIFIED: Marion Correctional Institution]
2025-11-13 12:22:34,841 - INFO - New job: Corrections Oversight Worker - Vilas County, WI - 617835 [UNVERIFIED: Vilas County, WI]
2025-11-13 12:22:44,811 - INFO - Added 15 new jobs
2025-11-13 12:22:44,811 - INFO - Fetching descriptions for 15 new jobs...
2025-11-13 12:22:45,854 - INFO - Updated description for 617596
2025-11-13 12:22:47,363 - INFO - Updated description for 617599
2025-11-13 12:22:48,833 - INFO - Updated description for 617602
2025-11-13 12:22:50,293 - INFO - Updated description for 617136
2025-11-13 12:22:51,827 - INFO - Updated description for 617139
2025-11-13 12:22:53,337 - INFO - Updated description for 617698
2025-11-13 12:22:54,778 - INFO - Updated description for 617702
2025-11-13 12:22:56,326 - INFO - Updated description for 617728
2025-11-13 12:22:57,924 - INFO - Updated description for 617731
2025-11-13 12:22:59,411 - INFO - Updated description for 617744
2025-11-13 12:23:01,050 - INFO - Updated description for 617228
2025-11-13 12:23:02,620 - INFO - Updated description for 617750
2025-11-13 12:23:04,064 - INFO - Updated description for 617230
2025-11-13 12:23:05,538 - INFO - Updated description for 617767
2025-11-13 12:23:07,105 - INFO - Updated description for 617835
2025-11-13 12:23:07,610 - INFO - 
=== SUMMARY ===
2025-11-13 12:23:07,611 - INFO - Total jobs in database: 709
2025-11-13 12:23:07,611 - INFO - New jobs added: 15
2025-11-13 12:23:07,611 - INFO - Descriptions updated: 15
2025-11-13 12:23:07,611 - INFO - Verified facilities: 91
2025-11-13 12:23:07,611 - INFO - Unverified facilities: 239
2025-11-13 12:23:07,611 - INFO - Log saved to: logs/api_scraper_20251113_122231.log
