2025-12-11 12:24:01,670 - INFO - Starting API job scraper
2025-12-11 12:24:01,670 - INFO - Loaded 853 master facilities
2025-12-11 12:24:01,670 - INFO - Fetching jobs from API...
2025-12-11 12:24:05,291 - INFO - Total jobs found: 500
2025-12-11 12:24:05,292 - INFO - New job: Driver II - 619737 [No facility found]
2025-12-11 12:24:05,292 - INFO - New job: Food Service Worker - 622014 [No facility found]
2025-12-11 12:24:05,293 - INFO - New job: Food Service Manager - 622111 [No facility found]
2025-12-11 12:24:05,354 - INFO - New job: Administrative Support Worker Lead - Hillsborough County Jail Food - 622357 [UNVERIFIED: Hillsborough County Jail Food]
2025-12-11 12:24:05,383 - INFO - New job: Corrections Oversight Worker - Muskingum County Jail - 622378 [UNVERIFIED: Muskingum County Jail]
2025-12-11 12:24:05,419 - INFO - New job: Commissary Manager - Pinellas County Commissary - 622505 [UNVERIFIED: Pinellas County Commissary]
2025-12-11 12:24:05,454 - INFO - New job: Corrections Oversight Worker - Hamilton County Jail (TN) - 622529 [UNVERIFIED: Hamilton County Jail (TN)]
2025-12-11 12:24:05,487 - INFO - New job: Food Service Worker Lead - Ross Correctional Institution - 622541 [VERIFIED: Ross Correctional Institution]
2025-12-11 12:24:05,507 - INFO - New job: Food Service Worker Lead - Walton - CI - (108) - 622556 [UNVERIFIED: Walton - CI]
2025-12-11 12:24:05,532 - INFO - New job: Multi-Unit General Manager - Correctional Services - 622617 [UNVERIFIED: Correctional Services]
2025-12-11 12:24:15,457 - INFO - Added 10 new jobs
2025-12-11 12:24:15,457 - INFO - Fetching descriptions for 10 new jobs...
2025-12-11 12:24:16,537 - INFO - Updated description for 619737
2025-12-11 12:24:18,148 - INFO - Updated description for 622014
2025-12-11 12:24:19,877 - INFO - Updated description for 622111
2025-12-11 12:24:21,490 - INFO - Updated description for 622357
2025-12-11 12:24:23,098 - INFO - Updated description for 622378
2025-12-11 12:24:24,598 - INFO - Updated description for 622505
2025-12-11 12:24:26,141 - INFO - Updated description for 622529
2025-12-11 12:24:27,755 - INFO - Updated description for 622541
2025-12-11 12:24:29,466 - INFO - Updated description for 622556
2025-12-11 12:24:30,969 - INFO - Updated description for 622617
2025-12-11 12:24:31,474 - INFO - 
=== SUMMARY ===
2025-12-11 12:24:31,474 - INFO - Total jobs in database: 899
2025-12-11 12:24:31,474 - INFO - New jobs added: 10
2025-12-11 12:24:31,474 - INFO - Descriptions updated: 10
2025-12-11 12:24:31,474 - INFO - Verified facilities: 106
2025-12-11 12:24:31,474 - INFO - Unverified facilities: 270
2025-12-11 12:24:31,474 - INFO - Log saved to: logs/api_scraper_20251211_122401.log
2025-12-11 12:24:31,546 - INFO - Exported 899 jobs to jobs.csv
