2025-12-19 12:21:52,830 - INFO - Starting API job scraper
2025-12-19 12:21:52,830 - INFO - Loaded 853 master facilities
2025-12-19 12:21:52,831 - INFO - Fetching jobs from API...
2025-12-19 12:21:56,003 - INFO - Total jobs found: 500
2025-12-19 12:21:56,004 - INFO - New job: Food Service Manager - 624530 [No facility found]
2025-12-19 12:21:56,004 - INFO - New job: Food Service Manager - 622672 [No facility found]
2025-12-19 12:21:56,071 - INFO - New job: Commissary Worker - Louisville Jefferson County Commissary - 624323 [UNVERIFIED: Louisville Jefferson County Commissary]
2025-12-19 12:21:56,102 - INFO - New job: Corrections Oversight Worker - Miami Correctional Facility - 624381 [VERIFIED: Miami Correctional Facility]
2025-12-19 12:21:56,161 - INFO - New job: Food Service Worker - Racine County Juvenile - 624399 [UNVERIFIED: Racine County Juvenile]
2025-12-19 12:21:56,200 - INFO - New job: Driver II - USG - OH FLEET OPERATIONS - 624420 [UNVERIFIED: USG - OH FLEET OPERATIONS]
2025-12-19 12:21:56,236 - INFO - New job: Cook - Erie County Care Facility - 624434 [VERIFIED: Otero County Prison Facility]
2025-12-19 12:21:56,275 - INFO - New job: Commissary Worker - San Francisco City Commissary - 624455 [UNVERIFIED: San Francisco City Commissary]
2025-12-19 12:21:56,315 - INFO - New job: Corrections Oversight Worker - Cross City - CI/East/WC (211/269/262) - 624473 [UNVERIFIED: Cross City - CI/East/WC (211/269/262)]
2025-12-19 12:22:06,124 - INFO - Added 9 new jobs
2025-12-19 12:22:06,124 - INFO - Fetching descriptions for 9 new jobs...
2025-12-19 12:22:07,192 - INFO - Updated description for 624530
2025-12-19 12:22:08,865 - INFO - Updated description for 622672
2025-12-19 12:22:10,553 - INFO - Updated description for 624323
2025-12-19 12:22:12,169 - INFO - Updated description for 624381
2025-12-19 12:22:14,070 - INFO - Updated description for 624399
2025-12-19 12:22:15,713 - INFO - Updated description for 624420
2025-12-19 12:22:17,397 - INFO - Updated description for 624434
2025-12-19 12:22:18,982 - INFO - Updated description for 624455
2025-12-19 12:22:20,614 - INFO - Updated description for 624473
2025-12-19 12:22:21,119 - INFO - 
=== SUMMARY ===
2025-12-19 12:22:21,119 - INFO - Total jobs in database: 956
2025-12-19 12:22:21,119 - INFO - New jobs added: 9
2025-12-19 12:22:21,119 - INFO - Descriptions updated: 9
2025-12-19 12:22:21,119 - INFO - Verified facilities: 110
2025-12-19 12:22:21,119 - INFO - Unverified facilities: 278
2025-12-19 12:22:21,119 - INFO - Log saved to: logs/api_scraper_20251219_122152.log
2025-12-19 12:22:21,197 - INFO - Exported 956 jobs to jobs.csv
