2026-03-17 12:43:01,581 - INFO - Starting API job scraper
2026-03-17 12:43:01,581 - INFO - Loaded 853 master facilities
2026-03-17 12:43:01,581 - INFO - Fetching jobs from API...
2026-03-17 12:43:03,849 - INFO - Total jobs found: 500
2026-03-17 12:43:03,850 - INFO - New job: Kitchen Oversight Worker - 641324 [No facility found]
2026-03-17 12:43:03,907 - INFO - New job: Corrections Oversight Worker - Burnet County Jail - 641706 [UNVERIFIED: Burnet County Jail]
2026-03-17 12:43:03,938 - INFO - New job: Corrections Oversight Worker - Columbia - CI/Annex - (201/251) - 641736 [UNVERIFIED: Columbia - CI/Annex]
2026-03-17 12:43:03,938 - INFO - New job: Food Service Manager - 641843 [No facility found]
2026-03-17 12:43:03,938 - INFO - New job: Data Analytics Specialist - 642042 [No facility found]
2026-03-17 12:43:03,939 - INFO - New job: Food Service Manager - 642139 [No facility found]
2026-03-17 12:43:03,939 - INFO - New job: Food Service Manager - 642152 [No facility found]
2026-03-17 12:43:03,971 - INFO - New job: Food Service Supervisor - Norton/Stockton Correctional - 642168 [UNVERIFIED: Norton/Stockton Correctional]
2026-03-17 12:43:04,007 - INFO - New job: Food Service Supervisor - Hamilton County Jail (TN) - 642232 [UNVERIFIED: Hamilton County Jail (TN)]
2026-03-17 12:43:04,039 - INFO - New job: Corrections Oversight Worker - Alexandria County Jail - 642245 [UNVERIFIED: Alexandria County Jail]
2026-03-17 12:43:04,088 - INFO - New job: Food Service Worker - Jackson County Detention Center (MO) - 642294 [UNVERIFIED: Jackson County Detention Center (MO)]
2026-03-17 12:43:04,088 - INFO - New job: General Manager I - 642302 [No facility found]
2026-03-17 12:43:04,144 - INFO - New job: Corrections Oversight Worker - Santa Rosa Criminal Justice Facility - 642345 [UNVERIFIED: Santa Rosa Criminal Justice Facility]
2026-03-17 12:43:15,072 - INFO - Added 13 new jobs
2026-03-17 12:43:15,072 - INFO - Fetching descriptions for 13 new jobs...
2026-03-17 12:43:16,284 - INFO - Updated description for 641324
2026-03-17 12:43:17,886 - INFO - Updated description for 641706
2026-03-17 12:43:19,476 - INFO - Updated description for 641736
2026-03-17 12:43:21,107 - INFO - Updated description for 641843
2026-03-17 12:43:22,701 - INFO - Updated description for 642042
2026-03-17 12:43:24,352 - INFO - Updated description for 642139
2026-03-17 12:43:26,067 - INFO - Updated description for 642152
2026-03-17 12:43:27,728 - INFO - Updated description for 642168
2026-03-17 12:43:29,310 - INFO - Updated description for 642232
2026-03-17 12:43:30,873 - INFO - Updated description for 642245
2026-03-17 12:43:32,535 - INFO - Updated description for 642294
2026-03-17 12:43:34,119 - INFO - Updated description for 642302
2026-03-17 12:43:35,685 - INFO - Updated description for 642345
2026-03-17 12:43:36,194 - INFO - 
=== SUMMARY ===
2026-03-17 12:43:36,194 - INFO - Total jobs in database: 1660
2026-03-17 12:43:36,194 - INFO - New jobs added: 13
2026-03-17 12:43:36,194 - INFO - Descriptions updated: 13
2026-03-17 12:43:36,194 - INFO - Verified facilities: 128
2026-03-17 12:43:36,194 - INFO - Unverified facilities: 348
2026-03-17 12:43:36,194 - INFO - Log saved to: logs/api_scraper_20260317_124301.log
2026-03-17 12:43:36,334 - INFO - Exported 1660 jobs to jobs.csv
