2025-10-30 06:17:08,868 - INFO - Starting API job scraper
2025-10-30 06:17:08,868 - INFO - Loaded 853 master facilities
2025-10-30 06:17:08,868 - INFO - Fetching jobs from API...
2025-10-30 06:17:13,371 - INFO - Total jobs found: 500
2025-10-30 06:17:13,447 - INFO - New job: Corrections Oversight Worker - Guilford County Detention Facility - 614953 [VERIFIED: South Florida Detention Facility]
2025-10-30 06:17:13,483 - INFO - New job: Corrections Oversight Worker - Harris County Sheriff Food - 615014 [UNVERIFIED: Harris County Sheriff Food]
2025-10-30 06:17:13,536 - INFO - New job: Cook - The Harris Center for Mental Health and IDD - 615017 [UNVERIFIED: The Harris Center for Mental Health and IDD]
2025-10-30 06:17:13,576 - INFO - New job: Food Service Supervisor - Allen Oakwood Correctional Facility - 615019 [VERIFIED: Altona Correctional Facility]
2025-10-30 06:17:13,601 - INFO - New job: District Manager - Correctional Services - 615127 [UNVERIFIED: Correctional Services]
2025-10-30 06:17:25,228 - INFO - Added 5 new jobs
2025-10-30 06:17:25,229 - INFO - Fetching descriptions for 5 new jobs...
2025-10-30 06:17:26,409 - INFO - Updated description for 614953
2025-10-30 06:17:28,064 - INFO - Updated description for 615014
2025-10-30 06:17:29,655 - INFO - Updated description for 615017
2025-10-30 06:17:31,325 - INFO - Updated description for 615019
2025-10-30 06:17:32,944 - INFO - Updated description for 615127
2025-10-30 06:17:33,449 - INFO - 
=== SUMMARY ===
2025-10-30 06:17:33,449 - INFO - Total jobs in database: 531
2025-10-30 06:17:33,449 - INFO - New jobs added: 5
2025-10-30 06:17:33,449 - INFO - Descriptions updated: 5
2025-10-30 06:17:33,449 - INFO - Verified facilities: 69
2025-10-30 06:17:33,449 - INFO - Unverified facilities: 210
2025-10-30 06:17:33,449 - INFO - Log saved to: logs/api_scraper_20251030_061708.log
