2026-06-05 14:22:45,180 - INFO - Starting API job scraper
2026-06-05 14:22:45,180 - INFO - Loaded 853 master facilities
2026-06-05 14:22:45,180 - INFO - Fetching jobs from API...
2026-06-05 14:22:47,620 - INFO - Total jobs found: 500
2026-06-05 14:22:47,657 - INFO - New job: Corrections Food Service Worker - Mercer County CCC - 657133 [UNVERIFIED: Mercer County CCC]
2026-06-05 14:22:47,696 - INFO - New job: Commissary Worker - USG - USCS - WEST VIRGINIA - 657218 [UNVERIFIED: USG - USCS - WEST VIRGINIA]
2026-06-05 14:22:47,735 - INFO - New job: Driver I - Wabash Valley Correctional Facility - 657224 [VERIFIED: Wabash Valley Correctional Facility]
2026-06-05 14:22:47,774 - INFO - New job: Corrections Oversight Worker - Wabash Valley Correctional Facility - 657226 [VERIFIED: Wabash Valley Correctional Facility]
2026-06-05 14:22:47,829 - INFO - New job: Lead Supervisor - Lancaster County Detention Facility (NE) - 657240 [UNVERIFIED: Lancaster County Detention Facility (NE)]
2026-06-05 14:22:47,863 - INFO - New job: Food Service Worker Lead - Noble Correctional Institution - 657264 [VERIFIED: Noble Correctional Institution]
2026-06-05 14:22:47,864 - INFO - New job: General Manager I - 657015 [No facility found]
2026-06-05 14:22:59,101 - INFO - Added 7 new jobs
2026-06-05 14:22:59,101 - INFO - Fetching descriptions for 7 new jobs...
2026-06-05 14:23:00,278 - INFO - Updated description for 657133
2026-06-05 14:23:02,119 - INFO - Updated description for 657218
2026-06-05 14:23:03,976 - INFO - Updated description for 657224
2026-06-05 14:23:05,680 - INFO - Updated description for 657226
2026-06-05 14:23:07,336 - INFO - Updated description for 657240
2026-06-05 14:23:08,964 - INFO - Updated description for 657264
2026-06-05 14:23:10,679 - INFO - Updated description for 657015
2026-06-05 14:23:11,188 - INFO - 
=== SUMMARY ===
2026-06-05 14:23:11,188 - INFO - Total jobs in database: 2396
2026-06-05 14:23:11,188 - INFO - New jobs added: 7
2026-06-05 14:23:11,188 - INFO - Descriptions updated: 7
2026-06-05 14:23:11,188 - INFO - Verified facilities: 139
2026-06-05 14:23:11,188 - INFO - Unverified facilities: 393
2026-06-05 14:23:11,188 - INFO - Log saved to: logs/api_scraper_20260605_142245.log
2026-06-05 14:23:11,399 - INFO - Exported 2396 jobs to jobs.csv
