2025-11-04 12:23:35,950 - INFO - Starting API job scraper
2025-11-04 12:23:35,951 - INFO - Loaded 853 master facilities
2025-11-04 12:23:35,951 - INFO - Fetching jobs from API...
2025-11-04 12:23:37,240 - INFO - Total jobs found: 500
2025-11-04 12:23:37,292 - INFO - New job: Food Production Worker I - Delaware County (PA) Jail - 615934 [UNVERIFIED: Delaware County (PA) Jail]
2025-11-04 12:23:37,439 - INFO - New job: Corrections Oversight Worker - Caroline County Jail - 615695 [UNVERIFIED: Caroline County Jail]
2025-11-04 12:23:37,470 - INFO - New job: Food Service Worker - Hancock County Jail - 615698 [UNVERIFIED: Hancock County Jail]
2025-11-04 12:23:37,497 - INFO - New job: Corrections Oversight Worker - Lancaster - CI/WC - (281/280) - 615723 [UNVERIFIED: Lancaster - CI/WC]
2025-11-04 12:23:37,498 - INFO - New job: Food Service Director - 615766 [No facility found]
2025-11-04 12:23:37,519 - INFO - New job: Corrections Oversight Worker - Lawtey - CI - (255) - 615777 [UNVERIFIED: Lawtey - CI]
2025-11-04 12:23:37,550 - INFO - New job: Corrections Oversight Worker - Coastal State Prison - 615782 [VERIFIED: Coastal State Prison]
2025-11-04 12:23:37,622 - INFO - New job: Corrections Oversight Worker - Noble Correctional Institution - 615799 [VERIFIED: Noble Correctional Institution]
2025-11-04 12:23:37,622 - INFO - New job: Food Service Director - 615807 [No facility found]
2025-11-04 12:23:37,647 - INFO - New job: Food Service Worker Lead - Okaloosa - CI/WC - (115/161) - 615816 [UNVERIFIED: Okaloosa - CI/WC]
2025-11-04 12:23:37,678 - INFO - New job: Commissary Worker - USG - USCS - KENTUCKY - 615829 [UNVERIFIED: USG - USCS - KENTUCKY]
2025-11-04 12:23:37,718 - INFO - New job: Food Service Worker - Lorrie Yeager Jr Juvenile Ctr - 615854 [UNVERIFIED: Lorrie Yeager Jr Juvenile Ctr]
2025-11-04 12:23:37,744 - INFO - New job: Driver II - Shelby County TN - 615866 [UNVERIFIED: Shelby County TN]
2025-11-04 12:23:37,770 - INFO - New job: Food Service Supervisor - Shelby County TN - 615871 [UNVERIFIED: Shelby County TN]
2025-11-04 12:23:49,231 - INFO - Added 14 new jobs
2025-11-04 12:23:49,231 - INFO - Fetching descriptions for 14 new jobs...
2025-11-04 12:23:50,218 - INFO - Updated description for 615934
2025-11-04 12:23:51,695 - INFO - Updated description for 615695
2025-11-04 12:23:53,230 - INFO - Updated description for 615698
2025-11-04 12:23:54,966 - INFO - Updated description for 615723
2025-11-04 12:23:56,418 - INFO - Updated description for 615766
2025-11-04 12:23:57,900 - INFO - Updated description for 615777
2025-11-04 12:23:59,454 - INFO - Updated description for 615782
2025-11-04 12:24:00,919 - INFO - Updated description for 615799
2025-11-04 12:24:02,377 - INFO - Updated description for 615807
2025-11-04 12:24:03,950 - INFO - Updated description for 615816
2025-11-04 12:24:05,336 - INFO - Updated description for 615829
2025-11-04 12:24:06,717 - INFO - Updated description for 615854
2025-11-04 12:24:08,173 - INFO - Updated description for 615866
2025-11-04 12:24:09,667 - INFO - Updated description for 615871
2025-11-04 12:24:10,171 - INFO - 
=== SUMMARY ===
2025-11-04 12:24:10,171 - INFO - Total jobs in database: 581
2025-11-04 12:24:10,171 - INFO - New jobs added: 14
2025-11-04 12:24:10,171 - INFO - Descriptions updated: 14
2025-11-04 12:24:10,171 - INFO - Verified facilities: 78
2025-11-04 12:24:10,171 - INFO - Unverified facilities: 221
2025-11-04 12:24:10,171 - INFO - Log saved to: logs/api_scraper_20251104_122335.log
