2025-12-24 12:22:00,638 - INFO - Starting API job scraper
2025-12-24 12:22:00,638 - INFO - Loaded 853 master facilities
2025-12-24 12:22:00,638 - INFO - Fetching jobs from API...
2025-12-24 12:22:02,074 - INFO - Total jobs found: 500
2025-12-24 12:22:02,120 - INFO - New job: Corrections Oversight Worker - Mansfield Correctional Institution - 624967 [VERIFIED: Mansfield Correctional Institution]
2025-12-24 12:22:02,155 - INFO - New job: Corrections Oversight Worker - Correction Center Northwest Ohio - 625144 [UNVERIFIED: Correction Center Northwest Ohio]
2025-12-24 12:22:02,156 - INFO - New job: Food Service Manager - 625147 [No facility found]
2025-12-24 12:22:02,190 - INFO - New job: Corrections Oversight Worker - Northeast Correctional Complex - 625161 [VERIFIED: Northeast Correctional Complex]
2025-12-24 12:22:02,216 - INFO - New job: Food Service Worker Lead - Hancock County Jail - 625164 [UNVERIFIED: Hancock County Jail]
2025-12-24 12:22:02,252 - INFO - New job: Food Service Worker Lead - Mansfield Correctional Institution - 625179 [VERIFIED: Mansfield Correctional Institution]
2025-12-24 12:22:02,290 - INFO - New job: Corrections Oversight Worker - Westville Correctional Facility - 625185 [VERIFIED: Westville Correctional Facility]
2025-12-24 12:22:10,847 - INFO - Added 7 new jobs
2025-12-24 12:22:10,847 - INFO - Fetching descriptions for 7 new jobs...
2025-12-24 12:22:12,034 - INFO - Updated description for 624967
2025-12-24 12:22:13,730 - INFO - Updated description for 625144
2025-12-24 12:22:15,315 - INFO - Updated description for 625147
2025-12-24 12:22:16,874 - INFO - Updated description for 625161
2025-12-24 12:22:18,531 - INFO - Updated description for 625164
2025-12-24 12:22:20,150 - INFO - Updated description for 625179
2025-12-24 12:22:21,831 - INFO - Updated description for 625185
2025-12-24 12:22:22,336 - INFO - 
=== SUMMARY ===
2025-12-24 12:22:22,337 - INFO - Total jobs in database: 978
2025-12-24 12:22:22,337 - INFO - New jobs added: 7
2025-12-24 12:22:22,337 - INFO - Descriptions updated: 7
2025-12-24 12:22:22,337 - INFO - Verified facilities: 113
2025-12-24 12:22:22,337 - INFO - Unverified facilities: 280
2025-12-24 12:22:22,337 - INFO - Log saved to: logs/api_scraper_20251224_122200.log
2025-12-24 12:22:22,413 - INFO - Exported 978 jobs to jobs.csv
