2026-05-02 12:43:28,413 - INFO - Starting API job scraper
2026-05-02 12:43:28,413 - INFO - Loaded 853 master facilities
2026-05-02 12:43:28,413 - INFO - Fetching jobs from API...
2026-05-02 12:43:32,199 - INFO - Total jobs found: 500
2026-05-02 12:43:32,237 - INFO - New job: Food Service Worker - Butler County - 651045 [UNVERIFIED: Butler County]
2026-05-02 12:43:32,237 - INFO - New job: Food Service Manager - 651054 [No facility found]
2026-05-02 12:43:32,254 - INFO - New job: Food Service Worker - WORTH Center - 651063 [UNVERIFIED: WORTH Center]
2026-05-02 12:43:32,274 - INFO - New job: Commissary Delivery Rep -USG - USCS - MESA VERDE - 651086 [UNVERIFIED: USCS - MESA VERDE]
2026-05-02 12:43:32,302 - INFO - New job: Corrections Oversight Worker - Indiana Women Prison (New) - 651116 [VERIFIED: Indiana Women's Prison]
2026-05-02 12:43:32,324 - INFO - New job: Corrections Oversight Worker - Blair County Prison - 651138 [UNVERIFIED: Blair County Prison]
2026-05-02 12:43:41,243 - INFO - Added 6 new jobs
2026-05-02 12:43:41,243 - INFO - Fetching descriptions for 6 new jobs...
2026-05-02 12:43:42,467 - INFO - Updated description for 651045
2026-05-02 12:43:44,046 - INFO - Updated description for 651054
2026-05-02 12:43:45,646 - INFO - Updated description for 651063
2026-05-02 12:43:47,340 - INFO - Updated description for 651086
2026-05-02 12:43:48,967 - INFO - Updated description for 651116
2026-05-02 12:43:50,989 - INFO - Updated description for 651138
2026-05-02 12:43:51,495 - INFO - 
=== SUMMARY ===
2026-05-02 12:43:51,496 - INFO - Total jobs in database: 2090
2026-05-02 12:43:51,496 - INFO - New jobs added: 6
2026-05-02 12:43:51,496 - INFO - Descriptions updated: 6
2026-05-02 12:43:51,496 - INFO - Verified facilities: 136
2026-05-02 12:43:51,496 - INFO - Unverified facilities: 372
2026-05-02 12:43:51,496 - INFO - Log saved to: logs/api_scraper_20260502_124328.log
2026-05-02 12:43:51,639 - INFO - Exported 2090 jobs to jobs.csv
