2025-11-26 12:22:17,162 - INFO - Starting API job scraper
2025-11-26 12:22:17,162 - INFO - Loaded 853 master facilities
2025-11-26 12:22:17,162 - INFO - Fetching jobs from API...
2025-11-26 12:22:18,538 - INFO - Total jobs found: 500
2025-11-26 12:22:18,609 - INFO - New job: Retail Sales Worker - Gateway Foundation Houston Commissary - 619992 [UNVERIFIED: Gateway Foundation Houston Commissary]
2025-11-26 12:22:18,641 - INFO - New job: Food Service Worker - Fort Bend County Jail - 620003 [UNVERIFIED: Fort Bend County Jail]
2025-11-26 12:22:18,668 - INFO - New job: Food Service Worker Lead - Stark County RCCC - 619363 [UNVERIFIED: Stark County RCCC]
2025-11-26 12:22:18,697 - INFO - New job: Food Service Worker - St John County Jail - 619871 [UNVERIFIED: St John County Jail]
2025-11-26 12:22:18,732 - INFO - New job: Food Service Worker - Clinton County Jail - Ohio - 619877 [UNVERIFIED: Clinton County Jail - Ohio]
2025-11-26 12:22:18,733 - INFO - New job: Food Service Worker - 619886 [No facility found]
2025-11-26 12:22:18,778 - INFO - New job: Corrections Oversight Worker - Northpoint Training Center - 619890 [VERIFIED: Northpoint Training Center]
2025-11-26 12:22:18,804 - INFO - New job: General Manager I - 619906 [No facility found]
2025-11-26 12:22:18,804 - INFO - New job: Food Service Manager - 619907 [No facility found]
2025-11-26 12:22:18,830 - INFO - New job: Corrections Oversight Worker - Kane County Jail - 619934 [UNVERIFIED: Kane County Jail]
2025-11-26 12:22:18,830 - INFO - New job: Cook- Westchester County D.O.C. - 619939 [No facility found]
2025-11-26 12:22:18,862 - INFO - New job: Laundry Worker - Dona Ana (Facilities) - 619941 [UNVERIFIED: Dona Ana (Facilities)]
2025-11-26 12:22:28,885 - INFO - Added 12 new jobs
2025-11-26 12:22:28,885 - INFO - Fetching descriptions for 12 new jobs...
2025-11-26 12:22:30,250 - INFO - Updated description for 619992
2025-11-26 12:22:31,942 - INFO - Updated description for 620003
2025-11-26 12:22:33,577 - INFO - Updated description for 619363
2025-11-26 12:22:35,355 - INFO - Updated description for 619871
2025-11-26 12:22:36,959 - INFO - Updated description for 619877
2025-11-26 12:22:39,541 - INFO - Updated description for 619886
2025-11-26 12:22:41,336 - INFO - Updated description for 619890
2025-11-26 12:22:42,833 - INFO - Updated description for 619906
2025-11-26 12:22:48,282 - INFO - Updated description for 619907
2025-11-26 12:22:49,921 - INFO - Updated description for 619934
2025-11-26 12:22:51,493 - INFO - Updated description for 619939
2025-11-26 12:22:53,074 - INFO - Updated description for 619941
2025-11-26 12:22:53,580 - INFO - 
=== SUMMARY ===
2025-11-26 12:22:53,580 - INFO - Total jobs in database: 792
2025-11-26 12:22:53,580 - INFO - New jobs added: 12
2025-11-26 12:22:53,581 - INFO - Descriptions updated: 12
2025-11-26 12:22:53,581 - INFO - Verified facilities: 101
2025-11-26 12:22:53,581 - INFO - Unverified facilities: 256
2025-11-26 12:22:53,581 - INFO - Log saved to: logs/api_scraper_20251126_122217.log
2025-11-26 12:22:53,645 - INFO - Exported 792 jobs to jobs.csv
