2026-06-12 14:31:26,104 - INFO - Starting API job scraper
2026-06-12 14:31:26,105 - INFO - Loaded 853 master facilities
2026-06-12 14:31:26,105 - INFO - Fetching jobs from API...
2026-06-12 14:31:30,591 - INFO - Total jobs found: 500
2026-06-12 14:31:30,642 - INFO - New job: Food Service Director - 656820 [No facility found]
2026-06-12 14:31:30,693 - INFO - New job: Cook - Nueces County Juvenile Justice Center - 658162 [UNVERIFIED: Nueces County Juvenile Justice Center]
2026-06-12 14:31:30,731 - INFO - New job: Corrections Oversight Worker - Farmington Correctional Center - 658337 [VERIFIED: Farmington Correctional Center]
2026-06-12 14:31:30,767 - INFO - New job: Corrections Food Service Worker - Kentucky State Penitentiary - 658398 [VERIFIED: Kentucky State Penitentiary]
2026-06-12 14:31:30,806 - INFO - New job: Corrections Food Service Worker- Kent County Correctional Facility - 658439 [VERIFIED: Bent County Correctional Facility]
2026-06-12 14:31:30,806 - INFO - New job: Food Service Manager - 658472 [No facility found]
2026-06-12 14:31:30,844 - INFO - New job: Corrections Oversight Worker - Chillicothe Correctional Center - 658516 [VERIFIED: Chillicothe Correctional Center]
2026-06-12 14:31:30,885 - INFO - New job: Commissary Worker - USG - USCS - WEST VIRGINIA - 658521 [UNVERIFIED: USG - USCS - WEST VIRGINIA]
2026-06-12 14:31:30,924 - INFO - New job: Food Service Worker Lead - Chillicothe Correctional Center - 658529 [VERIFIED: Chillicothe Correctional Center]
2026-06-12 14:31:30,924 - INFO - New job: Food Service Manager - 658546 [No facility found]
2026-06-12 14:31:30,964 - INFO - New job: Commissary Worker - USG - USCS - WEST VIRGINIA - 658577 [UNVERIFIED: USG - USCS - WEST VIRGINIA]
2026-06-12 14:31:30,997 - INFO - New job: Corrections Oversight Worker - OKDOC - Joseph Harp - 658579 [UNVERIFIED: OKDOC - Joseph Harp]
2026-06-12 14:31:31,027 - INFO - New job: Food Service Worker Lead - OKDOC - Lexington - 658587 [UNVERIFIED: OKDOC - Lexington]
2026-06-12 14:31:31,056 - INFO - New job: Corrections Oversight Worker - Medina County Jail - 658604 [UNVERIFIED: Medina County Jail]
2026-06-12 14:31:31,087 - INFO - New job: Corrections Oversight Worker - OKDOC - Lexington - 658611 [UNVERIFIED: OKDOC - Lexington]
2026-06-12 14:31:31,129 - INFO - New job: Commissary Worker - USG - USCS - WEST VIRGINIA - 658617 [UNVERIFIED: USG - USCS - WEST VIRGINIA]
2026-06-12 14:31:31,175 - INFO - New job: Warehouse Supervisor - USG - OH WAREHOUSE - FE - 658620 [UNVERIFIED: USG - OH WAREHOUSE - FE]
2026-06-12 14:31:31,217 - INFO - New job: Corrections Oversight Worker - OKDOC - OK State Reformatory - 658621 [VERIFIED: Kentucky State Reformatory]
2026-06-12 14:31:31,246 - INFO - New job: Food Service Worker - DM OVHD - Das, A. - 658622 [UNVERIFIED: DM OVHD - Das, A.]
2026-06-12 14:31:31,288 - INFO - New job: Food Service Worker Lead - OKDOC - OK State Reformatory - 658634 [VERIFIED: Kentucky State Reformatory]
2026-06-12 14:31:31,327 - INFO - New job: Commissary Worker - Orange County Commissary (FL) - 658639 [UNVERIFIED: Orange County Commissary (FL)]
2026-06-12 14:31:31,349 - INFO - New job: Food Service Manager - ASPC - Yuma - 658656 [UNVERIFIED: ASPC - Yuma]
2026-06-12 14:31:31,376 - INFO - New job: Food Service Worker - Tom Green County - 658660 [UNVERIFIED: Tom Green County]
2026-06-12 14:31:42,793 - INFO - Added 23 new jobs
2026-06-12 14:31:42,793 - INFO - Fetching descriptions for 23 new jobs...
2026-06-12 14:31:44,158 - INFO - Updated description for 656820
2026-06-12 14:31:46,032 - INFO - Updated description for 658162
2026-06-12 14:31:48,157 - INFO - Updated description for 658337
2026-06-12 14:31:50,241 - INFO - Updated description for 658398
2026-06-12 14:31:52,142 - INFO - Updated description for 658439
2026-06-12 14:31:54,242 - INFO - Updated description for 658472
2026-06-12 14:31:56,017 - INFO - Updated description for 658516
2026-06-12 14:31:57,883 - INFO - Updated description for 658521
2026-06-12 14:31:59,573 - INFO - Updated description for 658529
2026-06-12 14:32:01,472 - INFO - Updated description for 658546
2026-06-12 14:32:03,329 - INFO - Updated description for 658577
2026-06-12 14:32:05,289 - INFO - Updated description for 658579
2026-06-12 14:32:07,134 - INFO - Updated description for 658587
2026-06-12 14:32:09,066 - INFO - Updated description for 658604
2026-06-12 14:32:11,260 - INFO - Updated description for 658611
2026-06-12 14:32:13,326 - INFO - Updated description for 658617
2026-06-12 14:32:15,452 - INFO - Updated description for 658620
2026-06-12 14:32:17,368 - INFO - Updated description for 658621
2026-06-12 14:32:19,337 - INFO - Updated description for 658622
2026-06-12 14:32:21,203 - INFO - Updated description for 658634
2026-06-12 14:32:22,966 - INFO - Updated description for 658639
2026-06-12 14:32:24,956 - INFO - Updated description for 658656
2026-06-12 14:32:26,636 - INFO - Updated description for 658660
2026-06-12 14:32:27,144 - INFO - 
=== SUMMARY ===
2026-06-12 14:32:27,144 - INFO - Total jobs in database: 2476
2026-06-12 14:32:27,144 - INFO - New jobs added: 23
2026-06-12 14:32:27,144 - INFO - Descriptions updated: 23
2026-06-12 14:32:27,144 - INFO - Verified facilities: 139
2026-06-12 14:32:27,144 - INFO - Unverified facilities: 401
2026-06-12 14:32:27,144 - INFO - Log saved to: logs/api_scraper_20260612_143126.log
2026-06-12 14:32:27,349 - INFO - Exported 2476 jobs to jobs.csv
