2026-06-04 14:31:22,726 - INFO - Starting API job scraper
2026-06-04 14:31:22,726 - INFO - Loaded 853 master facilities
2026-06-04 14:31:22,726 - INFO - Fetching jobs from API...
2026-06-04 14:31:29,003 - INFO - Total jobs found: 500
2026-06-04 14:31:29,046 - INFO - New job: Warehouse Worker Lead - Mecklenburg County Jail - 654308 [UNVERIFIED: Mecklenburg County Jail]
2026-06-04 14:31:29,046 - INFO - New job: Food Service Manager - 656065 [No facility found]
2026-06-04 14:31:29,046 - INFO - New job: Food Service Manager - 656551 [No facility found]
2026-06-04 14:31:29,110 - INFO - New job: Custodial Services Worker - Santa Rosa Criminal Justice Facility (Facilities) - 656678 [UNVERIFIED: Santa Rosa Criminal Justice Facility (Facilities)]
2026-06-04 14:31:29,143 - INFO - New job: Corrections Oversight Worker - Suwannee - CI/Annex - (230/231) - 656785 [UNVERIFIED: Suwannee - CI/Annex]
2026-06-04 14:31:29,177 - INFO - New job: Corrections Oversight Worker - Danville Jail-Juvenile - 656886 [UNVERIFIED: Danville Jail-Juvenile]
2026-06-04 14:31:40,547 - INFO - Added 6 new jobs
2026-06-04 14:31:40,547 - INFO - Fetching descriptions for 6 new jobs...
2026-06-04 14:31:41,975 - INFO - Updated description for 654308
2026-06-04 14:31:43,865 - INFO - Updated description for 656065
2026-06-04 14:31:45,706 - INFO - Updated description for 656551
2026-06-04 14:31:47,662 - INFO - Updated description for 656678
2026-06-04 14:31:49,702 - INFO - Updated description for 656785
2026-06-04 14:31:51,552 - INFO - Updated description for 656886
2026-06-04 14:31:52,061 - INFO - 
=== SUMMARY ===
2026-06-04 14:31:52,061 - INFO - Total jobs in database: 2389
2026-06-04 14:31:52,061 - INFO - New jobs added: 6
2026-06-04 14:31:52,061 - INFO - Descriptions updated: 6
2026-06-04 14:31:52,061 - INFO - Verified facilities: 139
2026-06-04 14:31:52,061 - INFO - Unverified facilities: 393
2026-06-04 14:31:52,061 - INFO - Log saved to: logs/api_scraper_20260604_143122.log
2026-06-04 14:31:52,272 - INFO - Exported 2389 jobs to jobs.csv
