2025-11-05 06:17:38,624 - INFO - Starting API job scraper
2025-11-05 06:17:38,624 - INFO - Loaded 853 master facilities
2025-11-05 06:17:38,624 - INFO - Fetching jobs from API...
2025-11-05 06:17:40,981 - INFO - Total jobs found: 489
2025-11-05 06:17:41,038 - INFO - New job: Corrections Oversight Worker - Richmond City Justice Ctr - 614972 [UNVERIFIED: Richmond City Justice Ctr]
2025-11-05 06:17:41,070 - INFO - New job: Corrections Oversight Worker - Alvis 180 Chillicothe - 615653 [UNVERIFIED: Alvis 180 Chillicothe]
2025-11-05 06:17:41,117 - INFO - New job: Corrections Oversight Worker - Logansport Juvenile Correctional Facility - 616043 [VERIFIED: Northern Correctional Facility]
2025-11-05 06:17:41,149 - INFO - New job: Kitchen Supervisor - Valdosta State Prison - 616048 [VERIFIED: Nevada State Prison]
2025-11-05 06:17:41,150 - INFO - New job: Corrections Oversight Worker - 616071 [No facility found]
2025-11-05 06:17:41,196 - INFO - New job: Corrections Oversight Worker - Lorain Correctional Institution - Ohio DRC - 616074 [VERIFIED: Lorain Correctional Institution]
2025-11-05 06:17:41,196 - INFO - New job: Food Service Manager - 616104 [No facility found]
2025-11-05 06:17:41,228 - INFO - New job: Commissary Worker - Fort Bend Commissary - 616202 [UNVERIFIED: Fort Bend Commissary]
2025-11-05 06:17:52,324 - INFO - Added 8 new jobs
2025-11-05 06:17:52,324 - INFO - Fetching descriptions for 8 new jobs...
2025-11-05 06:17:53,481 - INFO - Updated description for 614972
2025-11-05 06:17:55,218 - INFO - Updated description for 615653
2025-11-05 06:17:56,931 - INFO - Updated description for 616043
2025-11-05 06:17:58,529 - INFO - Updated description for 616048
2025-11-05 06:18:00,296 - INFO - Updated description for 616071
2025-11-05 06:18:02,024 - INFO - Updated description for 616074
2025-11-05 06:18:03,629 - INFO - Updated description for 616104
2025-11-05 06:18:05,281 - INFO - Updated description for 616202
2025-11-05 06:18:05,786 - INFO - 
=== SUMMARY ===
2025-11-05 06:18:05,786 - INFO - Total jobs in database: 589
2025-11-05 06:18:05,786 - INFO - New jobs added: 8
2025-11-05 06:18:05,786 - INFO - Descriptions updated: 8
2025-11-05 06:18:05,787 - INFO - Verified facilities: 81
2025-11-05 06:18:05,787 - INFO - Unverified facilities: 223
2025-11-05 06:18:05,787 - INFO - Log saved to: logs/api_scraper_20251105_061738.log
