2025-12-18 12:22:41,911 - INFO - Starting API job scraper
2025-12-18 12:22:41,912 - INFO - Loaded 853 master facilities
2025-12-18 12:22:41,912 - INFO - Fetching jobs from API...
2025-12-18 12:22:44,987 - INFO - Total jobs found: 500
2025-12-18 12:22:44,989 - INFO - New job: Director, Business Development (DBD), Corrections, Southeast - 622275 [No facility found]
2025-12-18 12:22:44,989 - INFO - New job: Food Service Manager - 623435 [No facility found]
2025-12-18 12:22:45,043 - INFO - New job: Corrections Oversight Worker - Pendleton Correctional Facility - 623911 [VERIFIED: Pendleton Correctional Facility]
2025-12-18 12:22:45,075 - INFO - New job: Food Service Worker - Josephine County Jail - 623985 [UNVERIFIED: Josephine County Jail]
2025-12-18 12:22:45,075 - INFO - New job: Food Service Director - 624010 [No facility found]
2025-12-18 12:22:45,096 - INFO - New job: Food Service Worker Lead - Jackson - CI - (104) - 624017 [UNVERIFIED: Jackson - CI]
2025-12-18 12:22:45,122 - INFO - New job: Food Service Worker Lead - Graceville - WC - (160) - 624018 [UNVERIFIED: Graceville - WC]
2025-12-18 12:22:45,163 - INFO - New job: Commissary Worker - Iredell County Commissary - 624053 [UNVERIFIED: Iredell County Commissary]
2025-12-18 12:22:45,163 - INFO - New job: Food Service Director - 624111 [No facility found]
2025-12-18 12:22:45,210 - INFO - New job: Kitchen Supervisor - Florida State Prison Main/West - (205/206) - 624200 [VERIFIED: Florida State Prison]
2025-12-18 12:22:45,249 - INFO - New job: Corrections Oversight Worker - South Central Correctional Center - 624219 [VERIFIED: South Central Correctional Center]
2025-12-18 12:22:45,250 - INFO - New job: Food Service Worker - 624305 [No facility found]
2025-12-18 12:22:55,034 - INFO - Added 12 new jobs
2025-12-18 12:22:55,034 - INFO - Fetching descriptions for 12 new jobs...
2025-12-18 12:22:56,242 - INFO - Updated description for 622275
2025-12-18 12:22:58,014 - INFO - Updated description for 623435
2025-12-18 12:22:59,900 - INFO - Updated description for 623911
2025-12-18 12:23:01,621 - INFO - Updated description for 623985
2025-12-18 12:23:03,214 - INFO - Updated description for 624010
2025-12-18 12:23:04,810 - INFO - Updated description for 624017
2025-12-18 12:23:06,525 - INFO - Updated description for 624018
2025-12-18 12:23:08,157 - INFO - Updated description for 624053
2025-12-18 12:23:09,773 - INFO - Updated description for 624111
2025-12-18 12:23:11,473 - INFO - Updated description for 624200
2025-12-18 12:23:13,064 - INFO - Updated description for 624219
2025-12-18 12:23:14,746 - INFO - Updated description for 624305
2025-12-18 12:23:15,252 - INFO - 
=== SUMMARY ===
2025-12-18 12:23:15,252 - INFO - Total jobs in database: 947
2025-12-18 12:23:15,252 - INFO - New jobs added: 12
2025-12-18 12:23:15,252 - INFO - Descriptions updated: 12
2025-12-18 12:23:15,252 - INFO - Verified facilities: 109
2025-12-18 12:23:15,252 - INFO - Unverified facilities: 275
2025-12-18 12:23:15,252 - INFO - Log saved to: logs/api_scraper_20251218_122241.log
2025-12-18 12:23:15,329 - INFO - Exported 947 jobs to jobs.csv
