2025-12-20 12:19:46,411 - INFO - Starting API job scraper
2025-12-20 12:19:46,412 - INFO - Loaded 853 master facilities
2025-12-20 12:19:46,412 - INFO - Fetching jobs from API...
2025-12-20 12:19:50,880 - INFO - Total jobs found: 500
2025-12-20 12:19:50,932 - INFO - New job: Corrections Oversight Worker - Moberly Correctional Center - 624502 [VERIFIED: Moberly Correctional Center]
2025-12-20 12:19:50,933 - INFO - New job: Food Service Director - 624635 [No facility found]
2025-12-20 12:19:50,933 - INFO - New job: Corrections Oversight Worker - 624664 [No facility found]
2025-12-20 12:19:50,980 - INFO - New job: Driver I - Solano County Detention Center - 624811 [VERIFIED: Lea County Correctional Center]
2025-12-20 12:20:01,097 - INFO - Added 4 new jobs
2025-12-20 12:20:01,097 - INFO - Fetching descriptions for 4 new jobs...
2025-12-20 12:20:02,260 - INFO - Updated description for 624502
2025-12-20 12:20:03,976 - INFO - Updated description for 624635
2025-12-20 12:20:05,482 - INFO - Updated description for 624664
2025-12-20 12:20:07,138 - INFO - Updated description for 624811
2025-12-20 12:20:07,643 - INFO - 
=== SUMMARY ===
2025-12-20 12:20:07,643 - INFO - Total jobs in database: 960
2025-12-20 12:20:07,643 - INFO - New jobs added: 4
2025-12-20 12:20:07,643 - INFO - Descriptions updated: 4
2025-12-20 12:20:07,643 - INFO - Verified facilities: 111
2025-12-20 12:20:07,643 - INFO - Unverified facilities: 278
2025-12-20 12:20:07,643 - INFO - Log saved to: logs/api_scraper_20251220_121946.log
2025-12-20 12:20:07,721 - INFO - Exported 960 jobs to jobs.csv
