2026-04-24 12:57:11,015 - INFO - Starting API job scraper
2026-04-24 12:57:11,016 - INFO - Loaded 853 master facilities
2026-04-24 12:57:11,016 - INFO - Fetching jobs from API...
2026-04-24 12:57:14,284 - INFO - Total jobs found: 500
2026-04-24 12:57:14,337 - INFO - New job: Kitchen Supervisor - Desoto - Annex/WC - (564/560) - 649261 [VERIFIED: Desoto Annex]
2026-04-24 12:57:14,382 - INFO - New job: Commissary Worker - Louisville Jefferson County Commissary - 649286 [UNVERIFIED: Louisville Jefferson County Commissary]
2026-04-24 12:57:14,383 - INFO - New job: Food Service Manager - 649389 [No facility found]
2026-04-24 12:57:14,384 - INFO - New job: Food Service Worker - 649392 [No facility found]
2026-04-24 12:57:14,420 - INFO - New job: Corrections Oversight Worker - St. Mary's Correctional Center - 649401 [VERIFIED: St. Marys Correctional Center]
2026-04-24 12:57:14,454 - INFO - New job: Lead Cook - Pruntytown Correctional Center - 649412 [VERIFIED: Pruntytown Correctional Center]
2026-04-24 12:57:14,455 - INFO - New job: Food Service Director - 649452 [No facility found]
2026-04-24 12:57:14,482 - INFO - New job: Food Service Worker - Nueces County Jail - 649490 [UNVERIFIED: Nueces County Jail]
2026-04-24 12:57:14,523 - INFO - New job: Maintenance Worker - Oriana House (Facilities) - 649533 [UNVERIFIED: Oriana House (Facilities)]
2026-04-24 12:57:14,523 - INFO - New job: Food Service Manager - 649571 [No facility found]
2026-04-24 12:57:25,996 - INFO - Added 10 new jobs
2026-04-24 12:57:25,996 - INFO - Fetching descriptions for 10 new jobs...
2026-04-24 12:57:27,188 - INFO - Updated description for 649261
2026-04-24 12:57:29,038 - INFO - Updated description for 649286
2026-04-24 12:57:30,721 - INFO - Updated description for 649389
2026-04-24 12:57:32,336 - INFO - Updated description for 649392
2026-04-24 12:57:34,090 - INFO - Updated description for 649401
2026-04-24 12:57:35,691 - INFO - Updated description for 649412
2026-04-24 12:57:37,354 - INFO - Updated description for 649452
2026-04-24 12:57:38,982 - INFO - Updated description for 649490
2026-04-24 12:57:40,780 - INFO - Updated description for 649533
2026-04-24 12:57:42,474 - INFO - Updated description for 649571
2026-04-24 12:57:42,982 - INFO - 
=== SUMMARY ===
2026-04-24 12:57:42,982 - INFO - Total jobs in database: 2007
2026-04-24 12:57:42,982 - INFO - New jobs added: 10
2026-04-24 12:57:42,982 - INFO - Descriptions updated: 10
2026-04-24 12:57:42,982 - INFO - Verified facilities: 134
2026-04-24 12:57:42,982 - INFO - Unverified facilities: 365
2026-04-24 12:57:42,982 - INFO - Log saved to: logs/api_scraper_20260424_125711.log
2026-04-24 12:57:43,147 - INFO - Exported 2007 jobs to jobs.csv
