2025-11-14 12:22:33,327 - INFO - Starting API job scraper
2025-11-14 12:22:33,327 - INFO - Loaded 853 master facilities
2025-11-14 12:22:33,327 - INFO - Fetching jobs from API...
2025-11-14 12:22:36,552 - INFO - Total jobs found: 500
2025-11-14 12:22:36,553 - INFO - New job: Food Service Worker - 603520 [No facility found]
2025-11-14 12:22:36,674 - INFO - New job: Commissary Worker - Monterey County Commissary - 616999 [UNVERIFIED: Monterey County Commissary]
2025-11-14 12:22:36,674 - INFO - New job: Food Service Manager - 617776 [No facility found]
2025-11-14 12:22:36,697 - INFO - New job: Food Service Supervisor - ASPC - Safford - 617843 [UNVERIFIED: ASPC - Safford]
2025-11-14 12:22:36,719 - INFO - New job: Corrections Oversight Worker - ASPC - Safford - 617847 [UNVERIFIED: ASPC - Safford]
2025-11-14 12:22:36,761 - INFO - New job: Corrections Oversight Worker - Clinton County Correctional Facility - PA - 617940 [VERIFIED: Bent County Correctional Facility]
2025-11-14 12:22:36,810 - INFO - New job: Corrections Oversight Worker - Jackson County Detention Center (MO) - 617949 [UNVERIFIED: Jackson County Detention Center (MO)]
2025-11-14 12:22:36,834 - INFO - New job: Lead Cook - Leon County Jail - 617961 [UNVERIFIED: Leon County Jail]
2025-11-14 12:22:36,835 - INFO - New job: Food Service Manager - 617964 [No facility found]
2025-11-14 12:22:36,854 - INFO - New job: Corrections Oversight Worker - Kent County - 617966 [UNVERIFIED: Kent County]
2025-11-14 12:22:36,891 - INFO - New job: Commissary Worker - USG - USCS - MILWAUKEE COUNTY - 617970 [UNVERIFIED: USG - USCS - MILWAUKEE COUNTY]
2025-11-14 12:22:36,931 - INFO - New job: Retail Sales Worker Lead - Southern Ohio Correctional Facility - 617990 [VERIFIED: Southern Ohio Correctional Facility]
2025-11-14 12:22:36,962 - INFO - New job: Sr. Manager - Operational Excellence - 617996 [UNVERIFIED: Operational Excellence]
2025-11-14 12:22:36,999 - INFO - New job: Corrections Oversight Worker - Plainfield Correctional Facility - 618000 [VERIFIED: Plainfield Correctional Facility]
2025-11-14 12:22:36,999 - INFO - New job: Food Service Manager - 618005 [No facility found]
2025-11-14 12:22:36,999 - INFO - New job: Food Service Manager - 618025 [No facility found]
2025-11-14 12:22:37,067 - INFO - New job: Food Service Worker - Alameda County Jail Santa-Rita - Alameda County-Santa Rita - 618038 [UNVERIFIED: Alameda County Jail Santa-Rita - Alameda County-Santa Rita]
2025-11-14 12:22:37,099 - INFO - New job: General Utility Worker - Orange County (NY) Jail - 618050 [UNVERIFIED: Orange County (NY) Jail]
2025-11-14 12:22:47,726 - INFO - Added 18 new jobs
2025-11-14 12:22:47,726 - INFO - Fetching descriptions for 18 new jobs...
2025-11-14 12:22:48,899 - INFO - Updated description for 603520
2025-11-14 12:22:50,521 - INFO - Updated description for 616999
2025-11-14 12:22:52,172 - INFO - Updated description for 617776
2025-11-14 12:22:53,909 - INFO - Updated description for 617843
2025-11-14 12:22:55,556 - INFO - Updated description for 617847
2025-11-14 12:22:57,177 - INFO - Updated description for 617940
2025-11-14 12:22:58,804 - INFO - Updated description for 617949
2025-11-14 12:23:00,489 - INFO - Updated description for 617961
2025-11-14 12:23:02,340 - INFO - Updated description for 617964
2025-11-14 12:23:04,199 - INFO - Updated description for 617966
2025-11-14 12:23:06,091 - INFO - Updated description for 617970
2025-11-14 12:23:07,710 - INFO - Updated description for 617990
2025-11-14 12:23:09,366 - INFO - Updated description for 617996
2025-11-14 12:23:11,128 - INFO - Updated description for 618000
2025-11-14 12:23:12,738 - INFO - Updated description for 618005
2025-11-14 12:23:14,493 - INFO - Updated description for 618025
2025-11-14 12:23:16,222 - INFO - Updated description for 618038
2025-11-14 12:23:17,937 - INFO - Updated description for 618050
2025-11-14 12:23:18,442 - INFO - 
=== SUMMARY ===
2025-11-14 12:23:18,442 - INFO - Total jobs in database: 727
2025-11-14 12:23:18,442 - INFO - New jobs added: 18
2025-11-14 12:23:18,442 - INFO - Descriptions updated: 18
2025-11-14 12:23:18,442 - INFO - Verified facilities: 92
2025-11-14 12:23:18,442 - INFO - Unverified facilities: 242
2025-11-14 12:23:18,442 - INFO - Log saved to: logs/api_scraper_20251114_122233.log
