2026-07-17 13:01:00,910 - INFO - Starting API job scraper
2026-07-17 13:01:00,910 - INFO - Loaded 853 master facilities
2026-07-17 13:01:00,910 - INFO - Fetching jobs from API...
2026-07-17 13:01:05,226 - INFO - Total jobs found: 500
2026-07-17 13:01:05,227 - INFO - New job: Food Service Worker - 666548 [No facility found]
2026-07-17 13:01:05,266 - INFO - New job: Corrections Oversight Worker - Largo Road Prison - (552) - 666550 [UNVERIFIED: Largo Road Prison]
2026-07-17 13:01:05,308 - INFO - New job: Driver I - South Dakota State Penitentiary (Sioux Falls) - 666559 [VERIFIED: South Dakota State Penitentiary]
2026-07-17 13:01:05,350 - INFO - New job: Food Service Supervisor - South Dakota State Penitentiary (Sioux Falls) - 666560 [VERIFIED: South Dakota State Penitentiary]
2026-07-17 13:01:05,397 - INFO - New job: Kitchen Supervisor - GA Metro Department of Corrections - Metro - GA DOC - 666563 [UNVERIFIED: GA Metro Department of Corrections - Metro - GA DOC]
2026-07-17 13:01:05,398 - INFO - New job: Food Service Director - 666054 [No facility found]
2026-07-17 13:01:05,419 - INFO - New job: Corrections Oversight Worker - Clark County Jail - 666723 [UNVERIFIED: Clark County Jail]
2026-07-17 13:01:05,455 - INFO - New job: Commissary Worker - Shawnee County Department of Corrections - 666458 [UNVERIFIED: Shawnee County Department of Corrections]
2026-07-17 13:01:05,455 - INFO - New job: Food Service Director - 665123 [No facility found]
2026-07-17 13:01:05,484 - INFO - New job: Food Service Manager - OKDOC - Mabel Bassett - 656793 [UNVERIFIED: OKDOC - Mabel Bassett]
2026-07-17 13:01:05,507 - INFO - New job: Corrections Food Service Worker - Blair County Prison - 666503 [UNVERIFIED: Blair County Prison]
2026-07-17 13:01:05,529 - INFO - New job: Commissary Worker - Kane County Commissary - 666528 [UNVERIFIED: Kane County Commissary]
2026-07-17 13:01:14,444 - INFO - Added 12 new jobs
2026-07-17 13:01:14,444 - INFO - Fetching descriptions for 12 new jobs...
2026-07-17 13:01:15,486 - INFO - Updated description for 666548
2026-07-17 13:01:17,188 - INFO - Updated description for 666550
2026-07-17 13:01:18,882 - INFO - Updated description for 666559
2026-07-17 13:01:20,643 - INFO - Updated description for 666560
2026-07-17 13:01:22,283 - INFO - Updated description for 666563
2026-07-17 13:01:23,858 - INFO - Updated description for 666054
2026-07-17 13:01:25,585 - INFO - Updated description for 666723
2026-07-17 13:01:27,150 - INFO - Updated description for 666458
2026-07-17 13:01:28,749 - INFO - Updated description for 665123
2026-07-17 13:01:30,312 - INFO - Updated description for 656793
2026-07-17 13:01:31,823 - INFO - Updated description for 666503
2026-07-17 13:01:33,360 - INFO - Updated description for 666528
2026-07-17 13:01:33,869 - INFO - 
=== SUMMARY ===
2026-07-17 13:01:33,869 - INFO - Total jobs in database: 2735
2026-07-17 13:01:33,869 - INFO - New jobs added: 12
2026-07-17 13:01:33,869 - INFO - Descriptions updated: 12
2026-07-17 13:01:33,869 - INFO - Verified facilities: 140
2026-07-17 13:01:33,869 - INFO - Unverified facilities: 417
2026-07-17 13:01:33,869 - INFO - Log saved to: logs/api_scraper_20260717_130100.log
2026-07-17 13:01:34,094 - INFO - Exported 2735 jobs to jobs.csv
