2025-12-16 12:23:48,034 - INFO - Starting API job scraper
2025-12-16 12:23:48,034 - INFO - Loaded 853 master facilities
2025-12-16 12:23:48,034 - INFO - Fetching jobs from API...
2025-12-16 12:23:51,212 - INFO - Total jobs found: 500
2025-12-16 12:23:51,213 - INFO - New job: Food Service Worker Lead - 622085 [No facility found]
2025-12-16 12:23:51,213 - INFO - New job: Corrections Oversight Worker - 622087 [No facility found]
2025-12-16 12:23:51,273 - INFO - New job: Corrections Oversight Worker - Western Kentucky Correctional Complex - 623391 [VERIFIED: Western Kentucky Correctional Complex]
2025-12-16 12:23:51,294 - INFO - New job: Corrections Oversight Worker - VOA Dayton - 623406 [UNVERIFIED: VOA Dayton]
2025-12-16 12:23:51,294 - INFO - New job: Warehouse Supervisor - 623462 [No facility found]
2025-12-16 12:23:51,294 - INFO - New job: Warehouse Worker III - 623471 [No facility found]
2025-12-16 12:23:51,345 - INFO - New job: Corrections Oversight Worker - Yakima County Dept. of Corrections Facility - 623519 [VERIFIED: Guadalupe County Correctional Facility]
2025-12-16 12:23:51,368 - INFO - New job: Corrections Oversight Worker - Franklin - CI - (113) - 623526 [UNVERIFIED: Franklin - CI]
2025-12-16 12:24:01,147 - INFO - Added 8 new jobs
2025-12-16 12:24:01,148 - INFO - Fetching descriptions for 8 new jobs...
2025-12-16 12:24:02,374 - INFO - Updated description for 622085
2025-12-16 12:24:03,989 - INFO - Updated description for 622087
2025-12-16 12:24:05,791 - INFO - Updated description for 623391
2025-12-16 12:24:07,547 - INFO - Updated description for 623406
2025-12-16 12:24:09,178 - INFO - Updated description for 623462
2025-12-16 12:24:10,875 - INFO - Updated description for 623471
2025-12-16 12:24:12,616 - INFO - Updated description for 623519
2025-12-16 12:24:14,294 - INFO - Updated description for 623526
2025-12-16 12:24:14,800 - INFO - 
=== SUMMARY ===
2025-12-16 12:24:14,800 - INFO - Total jobs in database: 925
2025-12-16 12:24:14,800 - INFO - New jobs added: 8
2025-12-16 12:24:14,800 - INFO - Descriptions updated: 8
2025-12-16 12:24:14,800 - INFO - Verified facilities: 108
2025-12-16 12:24:14,800 - INFO - Unverified facilities: 273
2025-12-16 12:24:14,800 - INFO - Log saved to: logs/api_scraper_20251216_122348.log
2025-12-16 12:24:14,875 - INFO - Exported 925 jobs to jobs.csv
