2026-03-21 12:25:29,691 - INFO - Starting API job scraper
2026-03-21 12:25:29,692 - INFO - Loaded 853 master facilities
2026-03-21 12:25:29,692 - INFO - Fetching jobs from API...
2026-03-21 12:25:35,074 - INFO - Total jobs found: 500
2026-03-21 12:25:35,159 - INFO - New job: Corrections Oversight Worker - Potomac Highlands Regional Jail and Correctional Facility - 642054 [VERIFIED: Chittenden Regional Correctional Facility]
2026-03-21 12:25:35,159 - INFO - New job: Food Service Manager - 642115 [No facility found]
2026-03-21 12:25:35,175 - INFO - New job: General Manager I - Corrections - 643048 [UNVERIFIED: Corrections]
2026-03-21 12:25:35,219 - INFO - New job: Corrections Oversight Worker - Warren County Corrections Ctr (NJ) - 643104 [VERIFIED: Hardeman County Correctional Center]
2026-03-21 12:25:35,270 - INFO - New job: Cook - Hillsborough County Jail Food - 643141 [UNVERIFIED: Hillsborough County Jail Food]
2026-03-21 12:25:46,318 - INFO - Added 5 new jobs
2026-03-21 12:25:46,318 - INFO - Fetching descriptions for 5 new jobs...
2026-03-21 12:25:47,486 - INFO - Updated description for 642054
2026-03-21 12:25:49,105 - INFO - Updated description for 642115
2026-03-21 12:25:50,758 - INFO - Updated description for 643048
2026-03-21 12:25:52,591 - INFO - Updated description for 643104
2026-03-21 12:25:54,262 - INFO - Updated description for 643141
2026-03-21 12:25:54,769 - INFO - 
=== SUMMARY ===
2026-03-21 12:25:54,769 - INFO - Total jobs in database: 1707
2026-03-21 12:25:54,769 - INFO - New jobs added: 5
2026-03-21 12:25:54,769 - INFO - Descriptions updated: 5
2026-03-21 12:25:54,769 - INFO - Verified facilities: 130
2026-03-21 12:25:54,770 - INFO - Unverified facilities: 352
2026-03-21 12:25:54,770 - INFO - Log saved to: logs/api_scraper_20260321_122529.log
2026-03-21 12:25:54,913 - INFO - Exported 1707 jobs to jobs.csv
