2025-11-07 06:17:31,999 - INFO - Starting API job scraper
2025-11-07 06:17:32,000 - INFO - Loaded 853 master facilities
2025-11-07 06:17:32,000 - INFO - Fetching jobs from API...
2025-11-07 06:17:38,073 - INFO - Total jobs found: 495
2025-11-07 06:17:38,139 - INFO - New job: Corrections Oversight Worker - DeBerry Special Needs Facility - 614584 [VERIFIED: Lois M. DeBerry Special Needs Facility]
2025-11-07 06:17:38,174 - INFO - New job: Corrections Oversight Worker - Danville Jail-Juvenile - 616582 [UNVERIFIED: Danville Jail-Juvenile]
2025-11-07 06:17:38,175 - INFO - New job: Food Service Manager - 616603 [No facility found]
2025-11-07 06:17:38,212 - INFO - New job: Food Service Director - Chester County Pocopson Home - 616607 [UNVERIFIED: Chester County Pocopson Home]
2025-11-07 06:17:38,212 - INFO - New job: Food Service Director - 616611 [No facility found]
2025-11-07 06:17:38,261 - INFO - New job: Laundry Worker- Sewing Experience Required! - Wyandotte County Detention Center - 616617 [VERIFIED: Detroit Detention Center]
2025-11-07 06:17:38,311 - INFO - New job: Corrections Oversight Worker - Wyandotte County Detention Center - 616638 [VERIFIED: Detroit Detention Center]
2025-11-07 06:17:38,349 - INFO - New job: Corrections Oversight Worker - Richland Correctional Institution - 616691 [VERIFIED: Richland Correctional Institution]
2025-11-07 06:17:38,349 - INFO - New job: Food Service Manager - 616693 [No facility found]
2025-11-07 06:17:38,349 - INFO - New job: Food Service Director - 616695 [No facility found]
2025-11-07 06:17:38,382 - INFO - New job: Corrections Oversight Worker - Stevens Correctional Center - 616708 [VERIFIED: Stateville Correctional Center]
2025-11-07 06:17:38,424 - INFO - New job: Corrections Oversight Worker - Transition Center of Kansas City - 616716 [VERIFIED: Transition Center of Kansas City]
2025-11-07 06:17:38,466 - INFO - New job: Corrections Oversight Worker - Turney Center Industrial Complex - 616725 [VERIFIED: Turney Center Industrial Complex]
2025-11-07 06:17:38,505 - INFO - New job: Food Service Supervisor - South Dakota Women's Prison - 616726 [VERIFIED: South Dakota Women's Prison]
2025-11-07 06:17:38,542 - INFO - New job: Corrections Oversight Worker - Charleston Correctional Facility - 616732 [VERIFIED: Altona Correctional Facility]
2025-11-07 06:17:38,579 - INFO - New job: Corrections Oversight Worker - Branchville Correctional Facility - 616733 [VERIFIED: Branchville Correctional Facility]
2025-11-07 06:17:38,614 - INFO - New job: Corrections Oversight Worker - ASPC - Winslow Apache - 616747 [UNVERIFIED: ASPC - Winslow Apache]
2025-11-07 06:17:50,061 - INFO - Added 17 new jobs
2025-11-07 06:17:50,061 - INFO - Fetching descriptions for 17 new jobs...
2025-11-07 06:17:51,222 - INFO - Updated description for 614584
2025-11-07 06:17:52,860 - INFO - Updated description for 616582
2025-11-07 06:17:54,657 - INFO - Updated description for 616603
2025-11-07 06:17:56,376 - INFO - Updated description for 616607
2025-11-07 06:17:57,916 - INFO - Updated description for 616611
2025-11-07 06:17:59,612 - INFO - Updated description for 616617
2025-11-07 06:18:01,423 - INFO - Updated description for 616638
2025-11-07 06:18:03,002 - INFO - Updated description for 616691
2025-11-07 06:18:04,665 - INFO - Updated description for 616693
2025-11-07 06:18:06,319 - INFO - Updated description for 616695
2025-11-07 06:18:07,910 - INFO - Updated description for 616708
2025-11-07 06:18:09,433 - INFO - Updated description for 616716
2025-11-07 06:18:10,986 - INFO - Updated description for 616725
2025-11-07 06:18:12,543 - INFO - Updated description for 616726
2025-11-07 06:18:14,334 - INFO - Updated description for 616732
2025-11-07 06:18:16,061 - INFO - Updated description for 616733
2025-11-07 06:18:17,738 - INFO - Updated description for 616747
2025-11-07 06:18:18,243 - INFO - 
=== SUMMARY ===
2025-11-07 06:18:18,243 - INFO - Total jobs in database: 613
2025-11-07 06:18:18,243 - INFO - New jobs added: 17
2025-11-07 06:18:18,243 - INFO - Descriptions updated: 17
2025-11-07 06:18:18,244 - INFO - Verified facilities: 86
2025-11-07 06:18:18,244 - INFO - Unverified facilities: 228
2025-11-07 06:18:18,244 - INFO - Log saved to: logs/api_scraper_20251107_061731.log
