2026-05-14 13:27:19,313 - INFO - Starting API job scraper
2026-05-14 13:27:19,313 - INFO - Loaded 853 master facilities
2026-05-14 13:27:19,313 - INFO - Fetching jobs from API...
2026-05-14 13:27:20,973 - INFO - Total jobs found: 500
2026-05-14 13:27:21,013 - INFO - New job: Corrections Oversight Worker - Oakland County Jail - 652167 [UNVERIFIED: Oakland County Jail]
2026-05-14 13:27:21,013 - INFO - New job: Food Service Director - 652277 [No facility found]
2026-05-14 13:27:21,013 - INFO - New job: Food Service Manager - 652280 [No facility found]
2026-05-14 13:27:21,055 - INFO - New job: Commissary Worker - Hillsborough County Commissary, FL - 652300 [UNVERIFIED: Hillsborough County Commissary, FL]
2026-05-14 13:27:21,055 - INFO - New job: Food Service Manager - 652712 [No facility found]
2026-05-14 13:27:21,086 - INFO - New job: Administrative Support Worker - Dona Ana (Facilities) - 652824 [UNVERIFIED: Dona Ana (Facilities)]
2026-05-14 13:27:21,086 - INFO - New job: Food Service Director - 652839 [No facility found]
2026-05-14 13:27:21,086 - INFO - New job: Food Service Manager - 652853 [No facility found]
2026-05-14 13:27:21,117 - INFO - New job: Corrections Food Service Worker - Salem Correctional Center - 652858 [VERIFIED: Salem Correctional Center]
2026-05-14 13:27:21,118 - INFO - New job: Food Service Manager - 652859 [No facility found]
2026-05-14 13:27:21,156 - INFO - New job: Food Service Worker Lead - Harris County Sheriff Food - 652907 [UNVERIFIED: Harris County Sheriff Food]
2026-05-14 13:27:21,179 - INFO - New job: Corrections Oversight Worker - Oriana House - 652922 [UNVERIFIED: Oriana House]
2026-05-14 13:27:21,210 - INFO - New job: Corrections Food Service Worker - Bowling Green Jail (KY) - 652931 [UNVERIFIED: Bowling Green Jail (KY)]
2026-05-14 13:27:21,244 - INFO - New job: Food Service Worker Lead - Arapahoe Justice Complex - 652955 [UNVERIFIED: Arapahoe Justice Complex]
2026-05-14 13:27:21,257 - INFO - New job: Retail Sales Worker-DM OVHD - KY DOC - 652969 [UNVERIFIED: KY DOC]
2026-05-14 13:27:31,958 - INFO - Added 15 new jobs
2026-05-14 13:27:31,958 - INFO - Fetching descriptions for 15 new jobs...
2026-05-14 13:27:33,227 - INFO - Updated description for 652167
2026-05-14 13:27:35,123 - INFO - Updated description for 652277
2026-05-14 13:27:37,173 - INFO - Updated description for 652280
2026-05-14 13:27:38,871 - INFO - Updated description for 652300
2026-05-14 13:27:40,609 - INFO - Updated description for 652712
2026-05-14 13:27:42,374 - INFO - Updated description for 652824
2026-05-14 13:27:44,505 - INFO - Updated description for 652839
2026-05-14 13:27:46,270 - INFO - Updated description for 652853
2026-05-14 13:27:48,002 - INFO - Updated description for 652858
2026-05-14 13:27:49,712 - INFO - Updated description for 652859
2026-05-14 13:27:51,679 - INFO - Updated description for 652907
2026-05-14 13:27:53,475 - INFO - Updated description for 652922
2026-05-14 13:27:55,284 - INFO - Updated description for 652931
2026-05-14 13:27:57,280 - INFO - Updated description for 652955
2026-05-14 13:27:59,213 - INFO - Updated description for 652969
2026-05-14 13:27:59,723 - INFO - 
=== SUMMARY ===
2026-05-14 13:27:59,724 - INFO - Total jobs in database: 2212
2026-05-14 13:27:59,724 - INFO - New jobs added: 15
2026-05-14 13:27:59,724 - INFO - Descriptions updated: 15
2026-05-14 13:27:59,724 - INFO - Verified facilities: 137
2026-05-14 13:27:59,724 - INFO - Unverified facilities: 377
2026-05-14 13:27:59,724 - INFO - Log saved to: logs/api_scraper_20260514_132719.log
2026-05-14 13:27:59,918 - INFO - Exported 2212 jobs to jobs.csv
