2026-05-22 14:13:05,692 - INFO - Starting API job scraper
2026-05-22 14:13:05,693 - INFO - Loaded 853 master facilities
2026-05-22 14:13:05,693 - INFO - Fetching jobs from API...
2026-05-22 14:13:08,579 - INFO - Total jobs found: 500
2026-05-22 14:13:08,629 - INFO - New job: Food Service Supervisor - Santa Cruz County - 654362 [UNVERIFIED: Santa Cruz County]
2026-05-22 14:13:08,675 - INFO - New job: Commissary Worker - Ada County Sheriff's Office - Commissary - 654364 [UNVERIFIED: Ada County Sheriff's Office - Commissary]
2026-05-22 14:13:08,676 - INFO - New job: Food Service Manager - 654069 [No facility found]
2026-05-22 14:13:08,708 - INFO - New job: Commissary Worker - USG - USCS - KENTUCKY - 654211 [UNVERIFIED: USG - USCS - KENTUCKY]
2026-05-22 14:13:08,750 - INFO - New job: Corrections Oversight Worker - Louisville Jefferson County Jail - 653781 [UNVERIFIED: Louisville Jefferson County Jail]
2026-05-22 14:13:20,413 - INFO - Added 5 new jobs
2026-05-22 14:13:20,413 - INFO - Fetching descriptions for 5 new jobs...
2026-05-22 14:13:21,831 - INFO - Updated description for 654362
2026-05-22 14:13:23,351 - INFO - Updated description for 654364
2026-05-22 14:13:24,872 - INFO - Updated description for 654069
2026-05-22 14:13:26,460 - INFO - Updated description for 654211
2026-05-22 14:13:27,961 - INFO - Updated description for 653781
2026-05-22 14:13:28,470 - INFO - 
=== SUMMARY ===
2026-05-22 14:13:28,470 - INFO - Total jobs in database: 2269
2026-05-22 14:13:28,470 - INFO - New jobs added: 5
2026-05-22 14:13:28,470 - INFO - Descriptions updated: 5
2026-05-22 14:13:28,470 - INFO - Verified facilities: 138
2026-05-22 14:13:28,470 - INFO - Unverified facilities: 380
2026-05-22 14:13:28,470 - INFO - Log saved to: logs/api_scraper_20260522_141305.log
2026-05-22 14:13:28,660 - INFO - Exported 2269 jobs to jobs.csv
