2026-03-18 12:43:31,690 - INFO - Starting API job scraper
2026-03-18 12:43:31,691 - INFO - Loaded 853 master facilities
2026-03-18 12:43:31,691 - INFO - Fetching jobs from API...
2026-03-18 12:43:33,966 - INFO - Total jobs found: 500
2026-03-18 12:43:34,026 - INFO - New job: Laundry Worker - Wyandotte County Detention Center - 639297 [VERIFIED: Detroit Detention Center]
2026-03-18 12:43:34,063 - INFO - New job: Warehouse Worker III - USG - OH WAREHOUSE - FE - 642414 [UNVERIFIED: USG - OH WAREHOUSE - FE]
2026-03-18 12:43:34,099 - INFO - New job: Food Service Worker - Erie County Care Facility - 642417 [VERIFIED: Otero County Prison Facility]
2026-03-18 12:43:34,100 - INFO - New job: Food Service Manager - 642472 [No facility found]
2026-03-18 12:43:34,101 - INFO - New job: Office Coordinator II - 642473 [No facility found]
2026-03-18 12:43:34,136 - INFO - New job: Food Service Manager-Clinton County Sheriff IA - 642524 [UNVERIFIED: Clinton County Sheriff IA]
2026-03-18 12:43:34,136 - INFO - New job: Food Service Manager - 641915 [No facility found]
2026-03-18 12:43:34,158 - INFO - New job: Corrections Oversight Worker - 642051 [No facility found]
2026-03-18 12:43:34,158 - INFO - New job: Corrections Oversight Worker - 642052 [No facility found]
2026-03-18 12:43:34,159 - INFO - New job: Corrections Oversight Worker - 642053 [No facility found]
2026-03-18 12:43:34,189 - INFO - New job: Corrections Oversight Worker - Randolph County Jail - 642248 [UNVERIFIED: Randolph County Jail]
2026-03-18 12:43:44,843 - INFO - Added 11 new jobs
2026-03-18 12:43:44,843 - INFO - Fetching descriptions for 11 new jobs...
2026-03-18 12:43:46,076 - INFO - Updated description for 639297
2026-03-18 12:43:47,657 - INFO - Updated description for 642414
2026-03-18 12:43:49,218 - INFO - Updated description for 642417
2026-03-18 12:43:50,772 - INFO - Updated description for 642472
2026-03-18 12:43:52,374 - INFO - Updated description for 642473
2026-03-18 12:43:54,056 - INFO - Updated description for 642524
2026-03-18 12:43:55,707 - INFO - Updated description for 641915
2026-03-18 12:43:57,289 - INFO - Updated description for 642051
2026-03-18 12:43:58,891 - INFO - Updated description for 642052
2026-03-18 12:44:00,456 - INFO - Updated description for 642053
2026-03-18 12:44:02,040 - INFO - Updated description for 642248
2026-03-18 12:44:02,548 - INFO - 
=== SUMMARY ===
2026-03-18 12:44:02,548 - INFO - Total jobs in database: 1671
2026-03-18 12:44:02,548 - INFO - New jobs added: 11
2026-03-18 12:44:02,548 - INFO - Descriptions updated: 11
2026-03-18 12:44:02,548 - INFO - Verified facilities: 128
2026-03-18 12:44:02,548 - INFO - Unverified facilities: 348
2026-03-18 12:44:02,548 - INFO - Log saved to: logs/api_scraper_20260318_124331.log
2026-03-18 12:44:02,689 - INFO - Exported 1671 jobs to jobs.csv
