2025-12-12 12:22:03,032 - INFO - Starting API job scraper
2025-12-12 12:22:03,033 - INFO - Loaded 853 master facilities
2025-12-12 12:22:03,033 - INFO - Fetching jobs from API...
2025-12-12 12:22:06,161 - INFO - Total jobs found: 500
2025-12-12 12:22:06,163 - INFO - New job: Food Service Director - 621996 [No facility found]
2025-12-12 12:22:06,163 - INFO - New job: Corrections Oversight Worker - 622555 [No facility found]
2025-12-12 12:22:06,234 - INFO - New job: Cook - Jacksonville City Detention Center - 622708 [VERIFIED: Jacksonville Correctional Center]
2025-12-12 12:22:06,271 - INFO - New job: Warehouse Worker - Mecklenburg County Commissary - 622794 [UNVERIFIED: Mecklenburg County Commissary]
2025-12-12 12:22:16,294 - INFO - Added 4 new jobs
2025-12-12 12:22:16,294 - INFO - Fetching descriptions for 4 new jobs...
2025-12-12 12:22:17,327 - INFO - Updated description for 621996
2025-12-12 12:22:18,959 - INFO - Updated description for 622555
2025-12-12 12:22:20,509 - INFO - Updated description for 622708
2025-12-12 12:22:22,177 - INFO - Updated description for 622794
2025-12-12 12:22:22,683 - INFO - 
=== SUMMARY ===
2025-12-12 12:22:22,683 - INFO - Total jobs in database: 903
2025-12-12 12:22:22,683 - INFO - New jobs added: 4
2025-12-12 12:22:22,683 - INFO - Descriptions updated: 4
2025-12-12 12:22:22,683 - INFO - Verified facilities: 106
2025-12-12 12:22:22,683 - INFO - Unverified facilities: 271
2025-12-12 12:22:22,684 - INFO - Log saved to: logs/api_scraper_20251212_122203.log
2025-12-12 12:22:22,757 - INFO - Exported 903 jobs to jobs.csv
