2025-11-01 06:15:01,316 - INFO - Starting API job scraper
2025-11-01 06:15:01,317 - INFO - Loaded 853 master facilities
2025-11-01 06:15:01,317 - INFO - Fetching jobs from API...
2025-11-01 06:15:03,456 - INFO - Total jobs found: 500
2025-11-01 06:15:03,457 - INFO - New job: Corrections Oversight Worker - 615356 [No facility found]
2025-11-01 06:15:03,507 - INFO - New job: Corrections Oversight Worker - San Joaquin County - 615427 [UNVERIFIED: San Joaquin County]
2025-11-01 06:15:03,550 - INFO - New job: Lead Cook - Chain O' Lakes Correctional Facility - 615483 [VERIFIED: Chain O'Lakes Correctional Facility]
2025-11-01 06:15:03,551 - INFO - New job: Food Service Manager - 615515 [No facility found]
2025-11-01 06:15:03,587 - INFO - New job: Corrections Oversight Worker - Northeast Correctional Center - 615517 [VERIFIED: Northeast Correctional Center]
2025-11-01 06:15:03,622 - INFO - New job: Food Service Worker Lead - Northeast Correctional Center - 615519 [VERIFIED: Northeast Correctional Center]
2025-11-01 06:15:03,653 - INFO - New job: Corrections Oversight Worker - Ozark Correctional Center - 615521 [VERIFIED: Ozark Correctional Center]
2025-11-01 06:15:03,654 - INFO - New job: Administrative Support Worker - 614394 [No facility found]
2025-11-01 06:15:03,688 - INFO - New job: Corrections Oversight Worker - Edinburg Correctional Facility - 615558 [VERIFIED: Edinburgh Correctional Facility]
2025-11-01 06:15:03,688 - INFO - New job: Food Service Director - 615560 [No facility found]
2025-11-01 06:15:03,726 - INFO - New job: Corrections Oversight Worker - Ohio Reformatory for Women - 615565 [VERIFIED: Ohio Reformatory for Women]
2025-11-01 06:15:03,752 - INFO - New job: General Manager - Correctional Services - 615567 [UNVERIFIED: Correctional Services]
2025-11-01 06:15:03,787 - INFO - New job: Laundry Supervisor - Arapahoe Justice Complex - 615632 [UNVERIFIED: Arapahoe Justice Complex]
2025-11-01 06:15:03,813 - INFO - New job: Cook - Ulster County Jail - 615633 [UNVERIFIED: Ulster County Jail]
2025-11-01 06:15:03,854 - INFO - New job: Cook - Kansas Juvenile Correctional Complex - 615635 [VERIFIED: Kansas Juvenile Correctional Complex]
2025-11-01 06:15:03,854 - INFO - New job: Food Service Manager - 615638 [No facility found]
2025-11-01 06:15:03,889 - INFO - New job: Maintenance Worker - Harris County Facilities - 612967 [UNVERIFIED: Harris County Facilities]
2025-11-01 06:15:03,890 - INFO - New job: Food Service Manager - 615197 [No facility found]
2025-11-01 06:15:03,926 - INFO - New job: Maintenance Worker - Harris County Facilities - 615283 [UNVERIFIED: Harris County Facilities]
2025-11-01 06:15:03,926 - INFO - New job: Food Service Manager - 614728 [No facility found]
2025-11-01 06:15:15,353 - INFO - Added 20 new jobs
2025-11-01 06:15:15,353 - INFO - Fetching descriptions for 20 new jobs...
2025-11-01 06:15:16,411 - INFO - Updated description for 615356
2025-11-01 06:15:17,966 - INFO - Updated description for 615427
2025-11-01 06:15:19,630 - INFO - Updated description for 615483
2025-11-01 06:15:21,213 - INFO - Updated description for 615515
2025-11-01 06:15:22,775 - INFO - Updated description for 615517
2025-11-01 06:15:24,358 - INFO - Updated description for 615519
2025-11-01 06:15:25,983 - INFO - Updated description for 615521
2025-11-01 06:15:27,656 - INFO - Updated description for 614394
2025-11-01 06:15:29,086 - INFO - Updated description for 615558
2025-11-01 06:15:30,551 - INFO - Updated description for 615560
2025-11-01 06:15:32,072 - INFO - Updated description for 615565
2025-11-01 06:15:33,640 - INFO - Updated description for 615567
2025-11-01 06:15:35,078 - INFO - Updated description for 615632
2025-11-01 06:15:36,594 - INFO - Updated description for 615633
2025-11-01 06:15:38,087 - INFO - Updated description for 615635
2025-11-01 06:15:39,778 - INFO - Updated description for 615638
2025-11-01 06:15:41,304 - INFO - Updated description for 612967
2025-11-01 06:15:42,868 - INFO - Updated description for 615197
2025-11-01 06:15:44,323 - INFO - Updated description for 615283
2025-11-01 06:15:45,931 - INFO - Updated description for 614728
2025-11-01 06:15:46,435 - INFO - 
=== SUMMARY ===
2025-11-01 06:15:46,435 - INFO - Total jobs in database: 565
2025-11-01 06:15:46,436 - INFO - New jobs added: 20
2025-11-01 06:15:46,436 - INFO - Descriptions updated: 20
2025-11-01 06:15:46,436 - INFO - Verified facilities: 76
2025-11-01 06:15:46,436 - INFO - Unverified facilities: 216
2025-11-01 06:15:46,436 - INFO - Log saved to: logs/api_scraper_20251101_061501.log
