2025-11-08 06:15:18,658 - INFO - Starting API job scraper
2025-11-08 06:15:18,658 - INFO - Loaded 853 master facilities
2025-11-08 06:15:18,658 - INFO - Fetching jobs from API...
2025-11-08 06:15:20,909 - INFO - Total jobs found: 496
2025-11-08 06:15:20,947 - INFO - New job: Food Service Worker - Lake - CI - (312) - 616172 [UNVERIFIED: Lake - CI]
2025-11-08 06:15:20,948 - INFO - New job: Field Sales Specialist - 616830 [No facility found]
2025-11-08 06:15:20,978 - INFO - New job: Corrections Oversight Worker - Randolph County Jail - 616832 [UNVERIFIED: Randolph County Jail]
2025-11-08 06:15:21,021 - INFO - New job: Corrections Oversight Worker - Barren County Detention Center - 612026 [VERIFIED: Detroit Detention Center]
2025-11-08 06:15:21,056 - INFO - New job: Warehouse Worker II - USG - NV WAREHOUSE - FE - 616923 [UNVERIFIED: USG - NV WAREHOUSE - FE]
2025-11-08 06:15:21,078 - INFO - New job: Corrections Oversight Worker - Polk - CI/WC - (580/562) - 616945 [UNVERIFIED: Polk - CI/WC]
2025-11-08 06:15:21,078 - INFO - New job: Food Service Director - 616992 [No facility found]
2025-11-08 06:15:32,876 - INFO - Added 7 new jobs
2025-11-08 06:15:32,876 - INFO - Fetching descriptions for 7 new jobs...
2025-11-08 06:15:33,961 - INFO - Updated description for 616172
2025-11-08 06:15:35,578 - INFO - Updated description for 616830
2025-11-08 06:15:37,090 - INFO - Updated description for 616832
2025-11-08 06:15:38,720 - INFO - Updated description for 612026
2025-11-08 06:15:40,360 - INFO - Updated description for 616923
2025-11-08 06:15:41,992 - INFO - Updated description for 616945
2025-11-08 06:15:43,511 - INFO - Updated description for 616992
2025-11-08 06:15:44,016 - INFO - 
=== SUMMARY ===
2025-11-08 06:15:44,016 - INFO - Total jobs in database: 620
2025-11-08 06:15:44,016 - INFO - New jobs added: 7
2025-11-08 06:15:44,017 - INFO - Descriptions updated: 7
2025-11-08 06:15:44,017 - INFO - Verified facilities: 86
2025-11-08 06:15:44,017 - INFO - Unverified facilities: 231
2025-11-08 06:15:44,017 - INFO - Log saved to: logs/api_scraper_20251108_061518.log
