2026-06-18 14:43:31,549 - INFO - Starting API job scraper
2026-06-18 14:43:31,549 - INFO - Loaded 853 master facilities
2026-06-18 14:43:31,549 - INFO - Fetching jobs from API...
2026-06-18 14:43:33,697 - INFO - Total jobs found: 500
2026-06-18 14:43:33,745 - INFO - New job: Food Service Worker - Tri-County Regional Jail - 659702 [UNVERIFIED: Tri-County Regional Jail]
2026-06-18 14:43:33,774 - INFO - New job: Food Service Worker Lead - Hutchinson Correctional - 659707 [VERIFIED: Hutchinson Correctional Facility]
2026-06-18 14:43:33,816 - INFO - New job: Commissary Worker - USG - USCS - MILWAUKEE COUNTY - 659772 [UNVERIFIED: USG - USCS - MILWAUKEE COUNTY]
2026-06-18 14:43:33,857 - INFO - New job: Food Production Lead Worker - Southeastern Correctional Facility - 659794 [VERIFIED: Eastern Correctional Facility]
2026-06-18 14:43:33,902 - INFO - New job: Corrections Oversight Worker - Missouri Eastern Correctional Center - 659801 [VERIFIED: Missouri Eastern Correctional Center]
2026-06-18 14:43:33,935 - INFO - New job: Cook - Pottawattamie County - 659424 [UNVERIFIED: Pottawattamie County]
2026-06-18 14:43:33,968 - INFO - New job: Food Service Worker - Pottawattamie County - 659425 [UNVERIFIED: Pottawattamie County]
2026-06-18 14:43:34,025 - INFO - New job: Food Service Worker Lead - Tri-County Regional Jail - 659521 [UNVERIFIED: Tri-County Regional Jail]
2026-06-18 14:43:34,073 - INFO - New job: Corrections Oversight Worker - Northpoint Training Center - 659692 [VERIFIED: Northpoint Training Center]
2026-06-18 14:43:34,115 - INFO - New job: Corrections Oversight Worker - Bledsoe County Correctional Complex - 659698 [VERIFIED: Bledsoe County Correctional Complex]
2026-06-18 14:43:46,376 - INFO - Added 10 new jobs
2026-06-18 14:43:46,377 - INFO - Fetching descriptions for 10 new jobs...
2026-06-18 14:43:47,554 - INFO - Updated description for 659702
2026-06-18 14:43:49,200 - INFO - Updated description for 659707
2026-06-18 14:43:50,983 - INFO - Updated description for 659772
2026-06-18 14:43:52,870 - INFO - Updated description for 659794
2026-06-18 14:43:54,454 - INFO - Updated description for 659801
2026-06-18 14:43:56,217 - INFO - Updated description for 659424
2026-06-18 14:43:57,854 - INFO - Updated description for 659425
2026-06-18 14:43:59,528 - INFO - Updated description for 659521
2026-06-18 14:44:01,313 - INFO - Updated description for 659692
2026-06-18 14:44:03,110 - INFO - Updated description for 659698
2026-06-18 14:44:03,619 - INFO - 
=== SUMMARY ===
2026-06-18 14:44:03,619 - INFO - Total jobs in database: 2533
2026-06-18 14:44:03,619 - INFO - New jobs added: 10
2026-06-18 14:44:03,619 - INFO - Descriptions updated: 10
2026-06-18 14:44:03,619 - INFO - Verified facilities: 139
2026-06-18 14:44:03,619 - INFO - Unverified facilities: 407
2026-06-18 14:44:03,619 - INFO - Log saved to: logs/api_scraper_20260618_144331.log
2026-06-18 14:44:03,830 - INFO - Exported 2533 jobs to jobs.csv
